-1.6
-classpath
C:\Users\joyeux\.m2\repository\org\glassfish\main\extras\glassfish-embedded-all\3.1.2.2\glassfish-embedded-all-3.1.2.2.jar;C:\Users\joyeux\.m2\repository\javax\persistence\persistence-api\1.0.2\persistence-api-1.0.2.jar;C:\Users\joyeux\.m2\repository\org\aspectj\aspectjrt\1.8.7\aspectjrt-1.8.7.jar;C:\Users\joyeux\.m2\repository\org\springframework\spring-aspects\3.2.3.RELEASE\spring-aspects-3.2.3.RELEASE.jar;C:\Users\joyeux\.m2\repository\org\springframework\spring-tx\3.2.3.RELEASE\spring-tx-3.2.3.RELEASE.jar;C:\Users\joyeux\.m2\repository\javax\servlet\servlet-api\2.5\servlet-api-2.5.jar;C:\Users\joyeux\.m2\repository\org\sdmxsource\SdmxStructureParser\1.4\SdmxStructureParser-1.4.jar;C:\Users\joyeux\.m2\repository\org\sdmxsource\SdmxDataParser\1.4\SdmxDataParser-1.4.jar;C:\Users\joyeux\.m2\repository\org\sdmxsource\SdmxQueryBuilder\1.4\SdmxQueryBuilder-1.4.jar;C:\Users\joyeux\.m2\repository\org\sdmxsource\SdmxFileQueryProcessor\1.4\SdmxFileQueryProcessor-1.4.jar;C:\Users\joyeux\.m2\repository\org\springframework\spring-jdbc\3.2.1.RELEASE\spring-jdbc-3.2.1.RELEASE.jar;C:\Users\joyeux\.m2\repository\junit\junit\4.11\junit-4.11.jar;C:\Users\joyeux\.m2\repository\org\fao\fenix\fenix-D3S-sdmx\2.0-SNAPSHOT\fenix-D3S-sdmx-2.0-SNAPSHOT.jar;C:\Users\joyeux\.m2\repository\org\aspectj\aspectjweaver\1.7.2\aspectjweaver-1.7.2.jar;C:\Users\joyeux\.m2\repository\org\springframework\spring-context-support\3.2.3.RELEASE\spring-context-support-3.2.3.RELEASE.jar;C:\Users\joyeux\.m2\repository\org\springframework\spring-context\3.2.3.RELEASE\spring-context-3.2.3.RELEASE.jar;C:\Users\joyeux\.m2\repository\org\springframework\spring-expression\3.2.3.RELEASE\spring-expression-3.2.3.RELEASE.jar;C:\Users\joyeux\.m2\repository\aopalliance\aopalliance\1.0\aopalliance-1.0.jar;C:\Users\joyeux\.m2\repository\org\springframework\spring-beans\3.2.3.RELEASE\spring-beans-3.2.3.RELEASE.jar;C:\Users\joyeux\.m2\repository\org\springframework\spring-core\3.2.3.RELEASE\spring-core-3.2.3.RELEASE.jar;C:\Users\joyeux\.m2\repository\commons-logging\commons-logging\1.1.1\commons-logging-1.1.1.jar;C:\Users\joyeux\.m2\repository\org\sdmxsource\SdmxApi\1.4\SdmxApi-1.4.jar;C:\Users\joyeux\.m2\repository\org\sdmxsource\SdmxEdiParser\1.4\SdmxEdiParser-1.4.jar;C:\Users\joyeux\.m2\repository\org\sdmxsource\SdmxStructureRetrieval\1.4\SdmxStructureRetrieval-1.4.jar;C:\Users\joyeux\.m2\repository\org\sdmxsource\SdmxSourceUtil\1.4\SdmxSourceUtil-1.4.jar;C:\Users\joyeux\.m2\repository\dom4j\dom4j\1.6.1\dom4j-1.6.1.jar;C:\Users\joyeux\.m2\repository\xml-apis\xml-apis\1.0.b2\xml-apis-1.0.b2.jar;C:\Users\joyeux\.m2\repository\stax\stax\1.2.0\stax-1.2.0.jar;C:\Users\joyeux\.m2\repository\stax\stax-api\1.0.1\stax-api-1.0.1.jar;C:\Users\joyeux\.m2\repository\org\apache\xmlbeans\xmlbeans-xpath\2.3.0\xmlbeans-xpath-2.3.0.jar;C:\Users\joyeux\.m2\repository\org\apache\xmlbeans\xmlbeans\2.3.0\xmlbeans-2.3.0.jar;C:\Users\joyeux\.m2\repository\org\springframework\spring-web\3.2.3.RELEASE\spring-web-3.2.3.RELEASE.jar;C:\Users\joyeux\.m2\repository\joda-time\joda-time\2.1\joda-time-2.1.jar;C:\Users\joyeux\.m2\repository\org\sdmxsource\SdmxBeans\1.4\SdmxBeans-1.4.jar;C:\Users\joyeux\.m2\repository\org\sdmx\beans\SDMX1-0\1.0\SDMX1-0-1.0.jar;C:\Users\joyeux\.m2\repository\org\sdmx\beans\SDMX2-0\2.0\SDMX2-0-2.0.jar;C:\Users\joyeux\.m2\repository\org\sdmx\beans\SDMX2-1\3.0\SDMX2-1-3.0.jar;C:\Users\joyeux\.m2\repository\log4j\log4j\1.2.14\log4j-1.2.14.jar;C:\Users\joyeux\.m2\repository\org\springframework\spring-aop\3.2.3.RELEASE\spring-aop-3.2.3.RELEASE.jar;C:\Users\joyeux\.m2\repository\org\fao\fenix\fenix-commons-dxf\1.0.1-SNAPSHOT\fenix-commons-dxf-1.0.1-SNAPSHOT.jar;C:\Users\joyeux\.m2\repository\org\fao\fenix\fenix-commons-utils\1.0.1-SNAPSHOT\fenix-commons-utils-1.0.1-SNAPSHOT.jar;C:\Users\joyeux\.m2\repository\com\fasterxml\jackson\core\jackson-core\2.3.2\jackson-core-2.3.2.jar;C:\Users\joyeux\.m2\repository\com\fasterxml\jackson\core\jackson-annotations\2.3.2\jackson-annotations-2.3.2.jar;C:\Users\joyeux\.m2\repository\com\fasterxml\jackson\core\jackson-databind\2.3.2\jackson-databind-2.3.2.jar;C:\Users\joyeux\.m2\repository\com\orientechnologies\orientdb-object\2.0.13\orientdb-object-2.0.13.jar;C:\Users\joyeux\.m2\repository\com\orientechnologies\orientdb-core\2.0.13\orientdb-core-2.0.13.jar;C:\Users\joyeux\.m2\repository\org\xerial\snappy\snappy-java\1.1.0.1\snappy-java-1.1.0.1.jar;C:\Users\joyeux\.m2\repository\com\googlecode\concurrentlinkedhashmap\concurrentlinkedhashmap-lru\1.4.1\concurrentlinkedhashmap-lru-1.4.1.jar;C:\Users\joyeux\.m2\repository\net\java\dev\jna\jna\4.0.0\jna-4.0.0.jar;C:\Users\joyeux\.m2\repository\net\java\dev\jna\jna-platform\4.0.0\jna-platform-4.0.0.jar;C:\Users\joyeux\.m2\repository\org\hibernate\javax\persistence\hibernate-jpa-2.0-api\1.0.0.Final\hibernate-jpa-2.0-api-1.0.0.Final.jar;C:\Users\joyeux\.m2\repository\org\javassist\javassist\3.16.1-GA\javassist-3.16.1-GA.jar;C:\Users\joyeux\.m2\repository\demo\sdmxsource\SdmxSourceDemo\1.4\SdmxSourceDemo-1.4.jar;C:\Users\joyeux\Dropbox\fao\SdmxSourceDemo\SdmxSourceDemo\target\classes
-aspectpath
C:\Users\joyeux\.m2\repository\org\springframework\spring-aspects\3.2.3.RELEASE\spring-aspects-3.2.3.RELEASE.jar
-d
C:\Users\joyeux\Dropbox\fao\SdmxSourceDemo\SdmxSourceDemo\target\classes
C:\Users\joyeux\Dropbox\fao\SdmxSourceDemo\SdmxSourceDemo\src\main\java\demo\sdmxsource\webservice\builder\SqlQueryBuilder.java
C:\Users\joyeux\Dropbox\fao\SdmxSourceDemo\SdmxSourceDemo\src\main\java\demo\sdmxsource\webservice\engine\HtmlDataWriterEngine.java
C:\Users\joyeux\Dropbox\fao\SdmxSourceDemo\SdmxSourceDemo\src\main\java\demo\sdmxsource\webservice\engine\HtmlStructureWriterEngine.java
C:\Users\joyeux\Dropbox\fao\SdmxSourceDemo\SdmxSourceDemo\src\main\java\demo\sdmxsource\webservice\factory\HtmlDataWriterFactory.java
C:\Users\joyeux\Dropbox\fao\SdmxSourceDemo\SdmxSourceDemo\src\main\java\demo\sdmxsource\webservice\factory\HtmlStructureOutputFactory.java
C:\Users\joyeux\Dropbox\fao\SdmxSourceDemo\SdmxSourceDemo\src\main\java\demo\sdmxsource\webservice\factory\SqlDataQueryFactory.java
C:\Users\joyeux\Dropbox\fao\SdmxSourceDemo\SdmxSourceDemo\src\main\java\demo\sdmxsource\webservice\main\chapter1\builder\AgencySchemeBuilder.java
C:\Users\joyeux\Dropbox\fao\SdmxSourceDemo\SdmxSourceDemo\src\main\java\demo\sdmxsource\webservice\main\chapter1\builder\CodelistBuilder.java
C:\Users\joyeux\Dropbox\fao\SdmxSourceDemo\SdmxSourceDemo\src\main\java\demo\sdmxsource\webservice\main\chapter1\builder\ConceptSchemeBuilder.java
C:\Users\joyeux\Dropbox\fao\SdmxSourceDemo\SdmxSourceDemo\src\main\java\demo\sdmxsource\webservice\main\chapter1\builder\DataflowBuilder.java
C:\Users\joyeux\Dropbox\fao\SdmxSourceDemo\SdmxSourceDemo\src\main\java\demo\sdmxsource\webservice\main\chapter1\builder\DataStructureBuilder.java
C:\Users\joyeux\Dropbox\fao\SdmxSourceDemo\SdmxSourceDemo\src\main\java\demo\sdmxsource\webservice\main\chapter1\Chapter1WritingStructures.java
C:\Users\joyeux\Dropbox\fao\SdmxSourceDemo\SdmxSourceDemo\src\main\java\demo\sdmxsource\webservice\main\chapter1\writer\SampleStructureWriter.java
C:\Users\joyeux\Dropbox\fao\SdmxSourceDemo\SdmxSourceDemo\src\main\java\demo\sdmxsource\webservice\main\chapter2\Chapter2PrintSuperBeans.java
C:\Users\joyeux\Dropbox\fao\SdmxSourceDemo\SdmxSourceDemo\src\main\java\demo\sdmxsource\webservice\main\chapter2\Chapter2ReadingStructures.java
C:\Users\joyeux\Dropbox\fao\SdmxSourceDemo\SdmxSourceDemo\src\main\java\demo\sdmxsource\webservice\main\chapter2\Chapter2ResolveReferences.java
C:\Users\joyeux\Dropbox\fao\SdmxSourceDemo\SdmxSourceDemo\src\main\java\demo\sdmxsource\webservice\main\chapter3\Chapter3WritingData.java
C:\Users\joyeux\Dropbox\fao\SdmxSourceDemo\SdmxSourceDemo\src\main\java\demo\sdmxsource\webservice\main\chapter3\writer\SampleDataWriter.java
C:\Users\joyeux\Dropbox\fao\SdmxSourceDemo\SdmxSourceDemo\src\main\java\demo\sdmxsource\webservice\main\chapter4\Chapter4DataTransformation.java
C:\Users\joyeux\Dropbox\fao\SdmxSourceDemo\SdmxSourceDemo\src\main\java\demo\sdmxsource\webservice\main\chapter4\Chapter4ReadingData.java
C:\Users\joyeux\Dropbox\fao\SdmxSourceDemo\SdmxSourceDemo\src\main\java\demo\sdmxsource\webservice\main\chapter4\Chapter4ValidatingData.java
C:\Users\joyeux\Dropbox\fao\SdmxSourceDemo\SdmxSourceDemo\src\main\java\demo\sdmxsource\webservice\main\finalPackage\builder\ExpAgencySchemeBuilder.java
C:\Users\joyeux\Dropbox\fao\SdmxSourceDemo\SdmxSourceDemo\src\main\java\demo\sdmxsource\webservice\main\finalPackage\builder\ExpCodelistBuilder.java
C:\Users\joyeux\Dropbox\fao\SdmxSourceDemo\SdmxSourceDemo\src\main\java\demo\sdmxsource\webservice\main\finalPackage\builder\ExpConceptSchemeBuilder.java
C:\Users\joyeux\Dropbox\fao\SdmxSourceDemo\SdmxSourceDemo\src\main\java\demo\sdmxsource\webservice\main\finalPackage\builder\ExpDataflowBuilder.java
C:\Users\joyeux\Dropbox\fao\SdmxSourceDemo\SdmxSourceDemo\src\main\java\demo\sdmxsource\webservice\main\finalPackage\builder\ExpDataStructureBuilder.java
C:\Users\joyeux\Dropbox\fao\SdmxSourceDemo\SdmxSourceDemo\src\main\java\demo\sdmxsource\webservice\main\finalPackage\ExportSDMX.java
C:\Users\joyeux\Dropbox\fao\SdmxSourceDemo\SdmxSourceDemo\src\main\java\demo\sdmxsource\webservice\main\finalPackage\writer\MyStructureWriter.java
C:\Users\joyeux\Dropbox\fao\SdmxSourceDemo\SdmxSourceDemo\src\main\java\demo\sdmxsource\webservice\main\finalPackage\writer\SampleDataWriter.java
C:\Users\joyeux\Dropbox\fao\SdmxSourceDemo\SdmxSourceDemo\src\main\java\demo\sdmxsource\webservice\manager\impl\DemoDataRetrievalManager.java
C:\Users\joyeux\Dropbox\fao\SdmxSourceDemo\SdmxSourceDemo\src\main\java\demo\sdmxsource\webservice\manager\impl\SqlDatabaseDataRetrieval.java
C:\Users\joyeux\Dropbox\fao\SdmxSourceDemo\SdmxSourceDemo\src\main\java\demo\sdmxsource\webservice\model\HtmlOutputFormat.java
C:\Users\joyeux\Dropbox\fao\SdmxSourceDemo\SdmxSourceDemo\src\main\java\demo\sdmxsource\webservice\model\SqlQuery.java
C:\Users\joyeux\Dropbox\fao\SdmxSourceDemo\SdmxSourceDemo\src\main\java\demo\sdmxsource\webservice\rest\SdmxWebService.java
